[{"line":4,"elements":[{"start_timestamp":"2024-06-25T22:16:41.009Z","before":[{"result":{"duration":94523500,"status":"passed"},"match":{"location":"com.co.choucair.stepdefinitions.LoginStepDefinition.setup()"}},{"result":{"duration":31591900,"status":"passed"},"match":{"location":"com.co.choucair.stepdefinitions.PurchaseStepDefinition.setup()"}}],"line":7,"name":"Successfully purchase two products","description":"","id":"purchase-functionality;successfully-purchase-two-products","type":"scenario","keyword":"Scenario","steps":[{"result":{"duration":6227221500,"status":"passed"},"line":8,"name":"the user is logged in with the username \"standard_user\" and the password \"secret_sauce\"","match":{"arguments":[{"val":"\"standard_user\"","offset":40},{"val":"\"secret_sauce\"","offset":73}],"location":"com.co.choucair.stepdefinitions.PurchaseStepDefinition.theUserIsLoggedInWithTheUsernameAndThePassword(java.lang.String,java.lang.String)"},"keyword":"Given "},{"result":{"duration":1123397100,"status":"passed"},"line":9,"name":"the user adds the first product to the cart","match":{"location":"com.co.choucair.stepdefinitions.PurchaseStepDefinition.theUserAddsTheFirstProductToTheCart()"},"keyword":"When "},{"result":{"duration":1705222300,"status":"passed"},"line":10,"name":"the user adds the second product to the cart","match":{"location":"com.co.choucair.stepdefinitions.PurchaseStepDefinition.theUserAddsTheSecondProductToTheCart()"},"keyword":"And "},{"result":{"duration":1316918200,"status":"passed"},"line":11,"name":"the user clicks on the shopping cart icon","match":{"location":"com.co.choucair.stepdefinitions.PurchaseStepDefinition.theUserClicksOnTheShoppingCartIcon()"},"keyword":"And "},{"result":{"duration":1672954700,"status":"passed"},"line":12,"name":"the user clicks on the \"Checkout\" button","match":{"arguments":[{"val":"\"Checkout\"","offset":23}],"location":"com.co.choucair.stepdefinitions.PurchaseStepDefinition.theUserClicksOnTheButton(java.lang.String)"},"keyword":"And "},{"result":{"error_message":"net.thucydides.core.webdriver.exceptions.ElementShouldBePresentException: Expected condition failed: waiting for By.cssSelector: .btn_primary cart_button to be present (tried for 5 second(s) with 100 milliseconds interval)\nBuild info: version: '4.22.0', revision: 'c5f3146703*'\nSystem info: os.name: 'Windows 11', os.arch: 'amd64', os.version: '10.0', java.version: '17.0.10'\nDriver info: driver.version: unknown\r\n\tat net.serenitybdd.core.pages.WebElementFacadeImpl.throwShouldBePresentErrorWithCauseIfPresent(WebElementFacadeImpl.java:1037)\r\n\tat net.serenitybdd.core.pages.WebElementFacadeImpl.waitUntilPresent(WebElementFacadeImpl.java:1010)\r\n\tat net.serenitybdd.core.pages.WebElementFacadeImpl.waitUntilElementPresent(WebElementFacadeImpl.java:913)\r\n\tat net.serenitybdd.core.pages.WebElementFacadeImpl.click(WebElementFacadeImpl.java:1207)\r\n\tat net.serenitybdd.screenplay.actions.ClickOnTarget.performAs(ClickOnTarget.java:14)\r\n\tat net.serenitybdd.screenplay.actions.ClickOnTarget$ByteBuddy$UR7fNCzx.performAs$accessor$gmxO7qhN(Unknown Source)\r\n\tat java.base/jdk.internal.reflect.NativeMethodAccessorImpl.invoke0(Native Method)\r\n\tat java.base/jdk.internal.reflect.NativeMethodAccessorImpl.invoke(NativeMethodAccessorImpl.java:77)\r\n\tat java.base/jdk.internal.reflect.DelegatingMethodAccessorImpl.invoke(DelegatingMethodAccessorImpl.java:43)\r\n\tat java.base/java.lang.reflect.Method.invoke(Method.java:568)\r\n\tat net.thucydides.core.steps.StepInterceptor.invokeMethod(StepInterceptor.java:522)\r\n\tat net.thucydides.core.steps.StepInterceptor.executeTestStepMethod(StepInterceptor.java:502)\r\n\tat net.thucydides.core.steps.StepInterceptor.runTestStep(StepInterceptor.java:474)\r\n\tat net.thucydides.core.steps.StepInterceptor.runOrSkipMethod(StepInterceptor.java:213)\r\n\tat net.thucydides.core.steps.StepInterceptor.testStepResult(StepInterceptor.java:200)\r\n\tat net.thucydides.core.steps.StepInterceptor.intercept(StepInterceptor.java:88)\r\n\tat net.thucydides.core.steps.ProxyConfiguration$InterceptorDispatcher.intercept(ProxyConfiguration.java:51)\r\n\tat net.serenitybdd.screenplay.actions.ClickOnTarget$ByteBuddy$UR7fNCzx.performAs(Unknown Source)\r\n\tat net.serenitybdd.screenplay.Actor.performTask(Actor.java:299)\r\n\tat net.serenitybdd.screenplay.Actor.perform(Actor.java:274)\r\n\tat net.serenitybdd.screenplay.Actor.attemptsTo(Actor.java:215)\r\n\tat net.serenitybdd.screenplay.Actor.attemptsTo(Actor.java:222)\r\n\tat com.co.choucair.tasks.PurchaseProducts.performAs(PurchaseProducts.java:86)\r\n\tat com.co.choucair.tasks.PurchaseProducts$ByteBuddy$zqClBzLB.performAs$accessor$h6tWgrBO(Unknown Source)\r\n\tat java.base/jdk.internal.reflect.NativeMethodAccessorImpl.invoke0(Native Method)\r\n\tat java.base/jdk.internal.reflect.NativeMethodAccessorImpl.invoke(NativeMethodAccessorImpl.java:77)\r\n\tat java.base/jdk.internal.reflect.DelegatingMethodAccessorImpl.invoke(DelegatingMethodAccessorImpl.java:43)\r\n\tat java.base/java.lang.reflect.Method.invoke(Method.java:568)\r\n\tat net.thucydides.core.steps.StepInterceptor.invokeMethod(StepInterceptor.java:522)\r\n\tat net.thucydides.core.steps.StepInterceptor.executeTestStepMethod(StepInterceptor.java:502)\r\n\tat net.thucydides.core.steps.StepInterceptor.runTestStep(StepInterceptor.java:474)\r\n\tat net.thucydides.core.steps.StepInterceptor.runOrSkipMethod(StepInterceptor.java:213)\r\n\tat net.thucydides.core.steps.StepInterceptor.testStepResult(StepInterceptor.java:200)\r\n\tat net.thucydides.core.steps.StepInterceptor.intercept(StepInterceptor.java:88)\r\n\tat net.thucydides.core.steps.ProxyConfiguration$InterceptorDispatcher.intercept(ProxyConfiguration.java:51)\r\n\tat com.co.choucair.tasks.PurchaseProducts$ByteBuddy$zqClBzLB.performAs(Unknown Source)\r\n\tat net.serenitybdd.screenplay.Actor.performTask(Actor.java:299)\r\n\tat net.serenitybdd.screenplay.Actor.perform(Actor.java:274)\r\n\tat net.serenitybdd.screenplay.Actor.attemptsTo(Actor.java:215)\r\n\tat net.serenitybdd.screenplay.Actor.attemptsTo(Actor.java:222)\r\n\tat com.co.choucair.stepdefinitions.PurchaseStepDefinition.theUserEntersFirstNameLastNameAndPostalCode(PurchaseStepDefinition.java:65)\r\n\tat ✽.the user enters first name \"John\", last name \"Doe\", and postal code \"12345\"(file:///C:/Users/equinteroc/OneDrive%20-%20Choucair%20Testing/CHOUCAIR/ChoucairAcademy/Automatización_Fomación/Reto-Automatización-Choucair/saucedemoScreenPlayAutomation/src/test/resources/features/purchase.feature:13)\r\nCaused by: org.openqa.selenium.TimeoutException: Expected condition failed: waiting for By.cssSelector: .btn_primary cart_button to be present (tried for 5 second(s) with 100 milliseconds interval)\nBuild info: version: '4.22.0', revision: 'c5f3146703*'\nSystem info: os.name: 'Windows 11', os.arch: 'amd64', os.version: '10.0', java.version: '17.0.10'\nDriver info: driver.version: unknown\r\n\tat org.openqa.selenium.support.ui.FluentWait.timeoutException(FluentWait.java:265)\r\n\tat org.openqa.selenium.support.ui.FluentWait.until(FluentWait.java:228)\r\n\tat net.serenitybdd.core.pages.WebElementFacadeImpl.waitUntilPresent(WebElementFacadeImpl.java:1007)\r\n\tat net.serenitybdd.core.pages.WebElementFacadeImpl.waitUntilElementPresent(WebElementFacadeImpl.java:913)\r\n\tat net.serenitybdd.core.pages.WebElementFacadeImpl.click(WebElementFacadeImpl.java:1207)\r\n\tat net.serenitybdd.screenplay.actions.ClickOnTarget.performAs(ClickOnTarget.java:14)\r\n\tat net.serenitybdd.screenplay.actions.ClickOnTarget$ByteBuddy$UR7fNCzx.performAs$accessor$gmxO7qhN(Unknown Source)\r\n\tat java.base/jdk.internal.reflect.NativeMethodAccessorImpl.invoke0(Native Method)\r\n\tat java.base/jdk.internal.reflect.NativeMethodAccessorImpl.invoke(NativeMethodAccessorImpl.java:77)\r\n\tat java.base/jdk.internal.reflect.DelegatingMethodAccessorImpl.invoke(DelegatingMethodAccessorImpl.java:43)\r\n\tat java.base/java.lang.reflect.Method.invoke(Method.java:568)\r\n\tat net.thucydides.core.steps.StepInterceptor.invokeMethod(StepInterceptor.java:522)\r\n\tat net.thucydides.core.steps.StepInterceptor.executeTestStepMethod(StepInterceptor.java:502)\r\n\tat net.thucydides.core.steps.StepInterceptor.runTestStep(StepInterceptor.java:474)\r\n\tat net.thucydides.core.steps.StepInterceptor.runOrSkipMethod(StepInterceptor.java:213)\r\n\tat net.thucydides.core.steps.StepInterceptor.testStepResult(StepInterceptor.java:200)\r\n\tat net.thucydides.core.steps.StepInterceptor.intercept(StepInterceptor.java:88)\r\n\tat net.thucydides.core.steps.ProxyConfiguration$InterceptorDispatcher.intercept(ProxyConfiguration.java:51)\r\n\tat net.serenitybdd.screenplay.actions.ClickOnTarget$ByteBuddy$UR7fNCzx.performAs(Unknown Source)\r\n\tat net.serenitybdd.screenplay.Actor.performTask(Actor.java:299)\r\n\tat net.serenitybdd.screenplay.Actor.perform(Actor.java:274)\r\n\tat net.serenitybdd.screenplay.Actor.attemptsTo(Actor.java:215)\r\n\tat net.serenitybdd.screenplay.Actor.attemptsTo(Actor.java:222)\r\n\tat com.co.choucair.tasks.PurchaseProducts.performAs(PurchaseProducts.java:86)\r\n\tat com.co.choucair.tasks.PurchaseProducts$ByteBuddy$zqClBzLB.performAs$accessor$h6tWgrBO(Unknown Source)\r\n\tat java.base/jdk.internal.reflect.NativeMethodAccessorImpl.invoke0(Native Method)\r\n\tat java.base/jdk.internal.reflect.NativeMethodAccessorImpl.invoke(NativeMethodAccessorImpl.java:77)\r\n\tat java.base/jdk.internal.reflect.DelegatingMethodAccessorImpl.invoke(DelegatingMethodAccessorImpl.java:43)\r\n\tat java.base/java.lang.reflect.Method.invoke(Method.java:568)\r\n\tat net.thucydides.core.steps.StepInterceptor.invokeMethod(StepInterceptor.java:522)\r\n\tat net.thucydides.core.steps.StepInterceptor.executeTestStepMethod(StepInterceptor.java:502)\r\n\tat net.thucydides.core.steps.StepInterceptor.runTestStep(StepInterceptor.java:474)\r\n\tat net.thucydides.core.steps.StepInterceptor.runOrSkipMethod(StepInterceptor.java:213)\r\n\tat net.thucydides.core.steps.StepInterceptor.testStepResult(StepInterceptor.java:200)\r\n\tat net.thucydides.core.steps.StepInterceptor.intercept(StepInterceptor.java:88)\r\n\tat net.thucydides.core.steps.ProxyConfiguration$InterceptorDispatcher.intercept(ProxyConfiguration.java:51)\r\n\tat com.co.choucair.tasks.PurchaseProducts$ByteBuddy$zqClBzLB.performAs(Unknown Source)\r\n\tat net.serenitybdd.screenplay.Actor.performTask(Actor.java:299)\r\n\tat net.serenitybdd.screenplay.Actor.perform(Actor.java:274)\r\n\tat net.serenitybdd.screenplay.Actor.attemptsTo(Actor.java:215)\r\n\tat net.serenitybdd.screenplay.Actor.attemptsTo(Actor.java:222)\r\n\tat com.co.choucair.stepdefinitions.PurchaseStepDefinition.theUserEntersFirstNameLastNameAndPostalCode(PurchaseStepDefinition.java:65)\r\n\tat java.base/jdk.internal.reflect.NativeMethodAccessorImpl.invoke0(Native Method)\r\n\tat java.base/jdk.internal.reflect.NativeMethodAccessorImpl.invoke(NativeMethodAccessorImpl.java:77)\r\n\tat java.base/jdk.internal.reflect.DelegatingMethodAccessorImpl.invoke(DelegatingMethodAccessorImpl.java:43)\r\n\tat java.base/java.lang.reflect.Method.invoke(Method.java:568)\r\n\tat io.cucumber.java.Invoker.doInvoke(Invoker.java:66)\r\n\tat io.cucumber.java.Invoker.invoke(Invoker.java:24)\r\n\tat io.cucumber.java.AbstractGlueDefinition.invokeMethod(AbstractGlueDefinition.java:47)\r\n\tat io.cucumber.java.JavaStepDefinition.execute(JavaStepDefinition.java:29)\r\n\tat io.cucumber.core.runner.CoreStepDefinition.execute(CoreStepDefinition.java:66)\r\n\tat io.cucumber.core.runner.PickleStepDefinitionMatch.runStep(PickleStepDefinitionMatch.java:63)\r\n\tat io.cucumber.core.runner.ExecutionMode$1.execute(ExecutionMode.java:10)\r\n\tat io.cucumber.core.runner.TestStep.executeStep(TestStep.java:84)\r\n\tat io.cucumber.core.runner.TestStep.run(TestStep.java:56)\r\n\tat io.cucumber.core.runner.PickleStepTestStep.run(PickleStepTestStep.java:51)\r\n\tat io.cucumber.core.runner.TestCase.run(TestCase.java:84)\r\n\tat io.cucumber.core.runner.Runner.runPickle(Runner.java:75)\r\n\tat io.cucumber.junit.PickleRunners$NoStepDescriptions.lambda$run$0(PickleRunners.java:151)\r\n\tat io.cucumber.core.runtime.CucumberExecutionContext.lambda$runTestCase$5(CucumberExecutionContext.java:137)\r\n\tat io.cucumber.core.runtime.RethrowingThrowableCollector.executeAndThrow(RethrowingThrowableCollector.java:23)\r\n\tat io.cucumber.core.runtime.CucumberExecutionContext.runTestCase(CucumberExecutionContext.java:137)\r\n\tat io.cucumber.junit.PickleRunners$NoStepDescriptions.run(PickleRunners.java:148)\r\n\tat io.cucumber.junit.FeatureRunner.runChild(FeatureRunner.java:144)\r\n\tat io.cucumber.junit.FeatureRunner.runChild(FeatureRunner.java:28)\r\n\tat org.junit.runners.ParentRunner$4.run(ParentRunner.java:331)\r\n\tat org.junit.runners.ParentRunner$1.schedule(ParentRunner.java:79)\r\n\tat org.junit.runners.ParentRunner.runChildren(ParentRunner.java:329)\r\n\tat org.junit.runners.ParentRunner.access$100(ParentRunner.java:66)\r\n\tat org.junit.runners.ParentRunner$2.evaluate(ParentRunner.java:293)\r\n\tat org.junit.runners.ParentRunner$3.evaluate(ParentRunner.java:306)\r\n\tat org.junit.runners.ParentRunner.run(ParentRunner.java:413)\r\n\tat io.cucumber.junit.FeatureRunner.run(FeatureRunner.java:137)\r\n\tat io.cucumber.junit.CucumberSerenityBaseRunner.runChild(CucumberSerenityBaseRunner.java:330)\r\n\tat io.cucumber.junit.CucumberSerenityBaseRunner.runChild(CucumberSerenityBaseRunner.java:51)\r\n\tat org.junit.runners.ParentRunner$4.run(ParentRunner.java:331)\r\n\tat org.junit.runners.ParentRunner$1.schedule(ParentRunner.java:79)\r\n\tat org.junit.runners.ParentRunner.runChildren(ParentRunner.java:329)\r\n\tat org.junit.runners.ParentRunner.access$100(ParentRunner.java:66)\r\n\tat org.junit.runners.ParentRunner$2.evaluate(ParentRunner.java:293)\r\n\tat io.cucumber.junit.CucumberSerenityBaseRunner$RunCucumber.evaluate(CucumberSerenityBaseRunner.java:361)\r\n\tat org.junit.runners.ParentRunner$3.evaluate(ParentRunner.java:306)\r\n\tat org.junit.runners.ParentRunner.run(ParentRunner.java:413)\r\n\tat org.gradle.api.internal.tasks.testing.junit.JUnitTestClassExecutor.runTestClass(JUnitTestClassExecutor.java:112)\r\n\tat org.gradle.api.internal.tasks.testing.junit.JUnitTestClassExecutor.execute(JUnitTestClassExecutor.java:58)\r\n\tat org.gradle.api.internal.tasks.testing.junit.JUnitTestClassExecutor.execute(JUnitTestClassExecutor.java:40)\r\n\tat org.gradle.api.internal.tasks.testing.junit.AbstractJUnitTestClassProcessor.processTestClass(AbstractJUnitTestClassProcessor.java:60)\r\n\tat org.gradle.api.internal.tasks.testing.SuiteTestClassProcessor.processTestClass(SuiteTestClassProcessor.java:52)\r\n\tat java.base/jdk.internal.reflect.NativeMethodAccessorImpl.invoke0(Native Method)\r\n\tat java.base/jdk.internal.reflect.NativeMethodAccessorImpl.invoke(NativeMethodAccessorImpl.java:77)\r\n\tat java.base/jdk.internal.reflect.DelegatingMethodAccessorImpl.invoke(DelegatingMethodAccessorImpl.java:43)\r\n\tat java.base/java.lang.reflect.Method.invoke(Method.java:568)\r\n\tat org.gradle.internal.dispatch.ReflectionDispatch.dispatch(ReflectionDispatch.java:36)\r\n\tat org.gradle.internal.dispatch.ReflectionDispatch.dispatch(ReflectionDispatch.java:24)\r\n\tat org.gradle.internal.dispatch.ContextClassLoaderDispatch.dispatch(ContextClassLoaderDispatch.java:33)\r\n\tat org.gradle.internal.dispatch.ProxyDispatchAdapter$DispatchingInvocationHandler.invoke(ProxyDispatchAdapter.java:94)\r\n\tat jdk.proxy1/jdk.proxy1.$Proxy2.processTestClass(Unknown Source)\r\n\tat org.gradle.api.internal.tasks.testing.worker.TestWorker$2.run(TestWorker.java:176)\r\n\tat org.gradle.api.internal.tasks.testing.worker.TestWorker.executeAndMaintainThreadName(TestWorker.java:129)\r\n\tat org.gradle.api.internal.tasks.testing.worker.TestWorker.execute(TestWorker.java:100)\r\n\tat org.gradle.api.internal.tasks.testing.worker.TestWorker.execute(TestWorker.java:60)\r\n\tat org.gradle.process.internal.worker.child.ActionExecutionWorker.execute(ActionExecutionWorker.java:56)\r\n\tat org.gradle.process.internal.worker.child.SystemApplicationClassLoaderWorker.call(SystemApplicationClassLoaderWorker.java:113)\r\n\tat org.gradle.process.internal.worker.child.SystemApplicationClassLoaderWorker.call(SystemApplicationClassLoaderWorker.java:65)\r\n\tat worker.org.gradle.process.internal.worker.GradleWorkerMain.run(GradleWorkerMain.java:69)\r\n\tat worker.org.gradle.process.internal.worker.GradleWorkerMain.main(GradleWorkerMain.java:74)\r\n","duration":9198297200,"status":"failed"},"line":13,"name":"the user enters first name \"John\", last name \"Doe\", and postal code \"12345\"","match":{"arguments":[{"val":"\"John\"","offset":27},{"val":"\"Doe\"","offset":45},{"val":"\"12345\"","offset":68}],"location":"com.co.choucair.stepdefinitions.PurchaseStepDefinition.theUserEntersFirstNameLastNameAndPostalCode(java.lang.String,java.lang.String,java.lang.String)"},"keyword":"And "},{"result":{"duration":15708000,"status":"skipped"},"line":14,"name":"the user clicks on the \"Continue\" button","match":{"arguments":[{"val":"\"Continue\"","offset":23}],"location":"com.co.choucair.stepdefinitions.PurchaseStepDefinition.theUserClicksOnTheButton(java.lang.String)"},"keyword":"And "},{"result":{"duration":14585500,"status":"skipped"},"line":15,"name":"the user clicks on the \"Finish\" button","match":{"arguments":[{"val":"\"Finish\"","offset":23}],"location":"com.co.choucair.stepdefinitions.PurchaseStepDefinition.theUserClicksOnTheButton(java.lang.String)"},"keyword":"And "},{"result":{"duration":3956000,"status":"skipped"},"line":16,"name":"the user should see the message \"THANK YOU FOR YOUR ORDER\"","match":{"arguments":[{"val":"\"THANK YOU FOR YOUR ORDER\"","offset":32}],"location":"com.co.choucair.stepdefinitions.PurchaseStepDefinition.theUserShouldSeeTheMessage(java.lang.String)"},"keyword":"Then "}],"tags":[{"name":"@OrderedTests"},{"name":"@Order(2)"}]}],"name":"Purchase functionality","description":"","id":"purchase-functionality","keyword":"Feature","uri":"file:src/test/resources/features/purchase.feature","tags":[{"name":"@OrderedTests","type":"Tag","location":{"line":3,"column":1}}]}]